<?xml version="1.0" encoding="UTF-8"?>
<!-- Generated by org.testng.reporters.JUnitXMLReporter -->
<testsuite ignored="0" hostname="LAPTOP-6OACLVLF" failures="1" tests="2" name="Test1" time="0.089" errors="0" timestamp="2022-03-29T22:10:45 IST">
  <testcase classname="AppBaseClass.BaseClass" name="@BeforeTest startBrowser" time="0.001">
    <failure type="java.lang.NullPointerException" message="Cannot invoke &amp;quot;POM_App_Utilities.Property_Loader.getbrowserType()&amp;quot; because &amp;quot;this.reader&amp;quot; is null">
      <![CDATA[java.lang.NullPointerException: Cannot invoke "POM_App_Utilities.Property_Loader.getbrowserType()" because "this.reader" is null
at AppBaseClass.BaseClass.startBrowser(BaseClass.java:43)
... Removed 24 stack frames]]>
    </failure>
  </testcase> <!-- @BeforeTest startBrowser -->
  <testcase classname="POM_App_TestCases.LoginService" name="@AfterTest closeTest" time="0.0">
    <skipped/>
  </testcase> <!-- @AfterTest closeTest -->
  <testcase classname="POM_App_TestCases.LoginService" name="verify_user_Invalid_Login" time="0.0">
    <skipped/>
  </testcase> <!-- verify_user_Invalid_Login -->
  <testcase classname="POM_App_TestCases.LoginService" name="verify_valid_User_Login" time="0.0">
    <failure type="org.testng.TestNGException" message="
Parameter &amp;apos;uname&amp;apos; is required by @Test on method verify_valid_User_Login but has not been marked @Optional or defined
in E:\Test_Frameworks\24th-Feb-2022_9pm_Batch\POM_Test\Run_All_TestNG_Cases.xml">
      <![CDATA[org.testng.TestNGException: 
Parameter 'uname' is required by @Test on method verify_valid_User_Login but has not been marked @Optional or defined
in E:\Test_Frameworks\24th-Feb-2022_9pm_Batch\POM_Test\Run_All_TestNG_Cases.xml
at java.base/java.util.ArrayList.forEach(ArrayList.java:1511)
... Removed 26 stack frames]]>
    </failure>
  </testcase> <!-- verify_valid_User_Login -->
</testsuite> <!-- Test1 -->
